[2025-09-11 16:17:22] [VISIT] https://tubitak.gov.tr/tr/destekler/destek/sanayi/ulusal-destek-programlari/cagri-1501-sanayi-ar-ge-destek-programi-2025-yili-2-cagrisi-acildi
[2025-09-11 16:17:25] [TEXT] https://tubitak.gov.tr/tr/destekler/destek/sanayi/ulusal-destek-programlari/cagri-1501-sanayi-ar-ge-destek-programi-2025-yili-2-cagrisi-acildi -> tubitak_data\tubitak.gov.tr\tr\destekler\destek\sanayi\ulusal-destek-programlari\cagri-1501-sanayi-ar-ge-destek-programi-2025-yili-2-cagrisi-acildi\index.txt
[2025-09-11 16:17:26] [DOWNLOAD] https://tubitak.gov.tr/sites/default/files/2025-07/1501_Sanayi_Ar-Ge_Destek_Programi_2025-2_Proje_Cagri_Metni_0.pdf -> tubitak_data\tubitak.gov.tr\tr\destekler\destek\sanayi\ulusal-destek-programlari\cagri-1501-sanayi-ar-ge-destek-programi-2025-yili-2-cagrisi-acildi\1501_Sanayi_Ar-Ge_Destek_Programi_2025-2_Proje_Cagri_Metni_0_1.pdf
[2025-09-11 16:17:27] [VISIT] https://tubitak.gov.tr/tr/destekler/destek/sanayi/ulusal-destek-programlari/cagri-1507-kobi-ar-ge-baslangic-destek-programi-2025-yili-2-cagrisi-acildi
[2025-09-11 16:17:29] [TEXT] https://tubitak.gov.tr/tr/destekler/destek/sanayi/ulusal-destek-programlari/cagri-1507-kobi-ar-ge-baslangic-destek-programi-2025-yili-2-cagrisi-acildi -> tubitak_data\tubitak.gov.tr\tr\destekler\destek\sanayi\ulusal-destek-programlari\cagri-1507-kobi-ar-ge-baslangic-destek-programi-2025-yili-2-cagrisi-acildi\index.txt
[2025-09-11 16:17:31] [DOWNLOAD] https://tubitak.gov.tr/sites/default/files/2025-07/1507_KOBI_Ar-Ge_Baslangic_Destek_Programlari_2025-2_Proje_Cagri_Metni_0.pdf -> tubitak_data\tubitak.gov.tr\tr\destekler\destek\sanayi\ulusal-destek-programlari\cagri-1507-kobi-ar-ge-baslangic-destek-programi-2025-yili-2-cagrisi-acildi\1507_KOBI_Ar-Ge_Baslangic_Destek_Programlari_2025-2_Proje_Cagri_Metni_0_1.pdf
[2025-09-11 16:17:32] [VISIT] https://tubitak.gov.tr/tr/destekler/destek/sanayi/ulusal-destek-programlari/cagri-1707-siparis-ar-ge-2025-yili-ucuncu-donem-cagrilari-acildi
[2025-09-11 16:17:34] [TEXT] https://tubitak.gov.tr/tr/destekler/destek/sanayi/ulusal-destek-programlari/cagri-1707-siparis-ar-ge-2025-yili-ucuncu-donem-cagrilari-acildi -> tubitak_data\tubitak.gov.tr\tr\destekler\destek\sanayi\ulusal-destek-programlari\cagri-1707-siparis-ar-ge-2025-yili-ucuncu-donem-cagrilari-acildi\index.txt
[2025-09-11 16:17:35] [DOWNLOAD] https://tubitak.gov.tr/sites/default/files/2025-09/Siparis_Ar-Ge_2025-3_Cagri_Dokumani.pdf -> tubitak_data\tubitak.gov.tr\tr\destekler\destek\sanayi\ulusal-destek-programlari\cagri-1707-siparis-ar-ge-2025-yili-ucuncu-donem-cagrilari-acildi\Siparis_Ar-Ge_2025-3_Cagri_Dokumani_1.pdf
[2025-09-11 16:17:38] [DOWNLOAD] https://tubitak.gov.tr/sites/default/files/2025-09/BIGG_ortakli_Siparis_Ar-Ge_2025-3_Cagri_Dokumani.pdf -> tubitak_data\tubitak.gov.tr\tr\destekler\destek\sanayi\ulusal-destek-programlari\cagri-1707-siparis-ar-ge-2025-yili-ucuncu-donem-cagrilari-acildi\BIGG_ortakli_Siparis_Ar-Ge_2025-3_Cagri_Dokumani_1.pdf
[2025-09-11 16:17:39] [VISIT] https://tubitak.gov.tr/tr/destekler/destek/sanayi/ulusal-destek-programlari/cagri-1812-bigg-yatirim-programi-2025-yili-2-cagrisi
[2025-09-11 16:17:41] [TEXT] https://tubitak.gov.tr/tr/destekler/destek/sanayi/ulusal-destek-programlari/cagri-1812-bigg-yatirim-programi-2025-yili-2-cagrisi -> tubitak_data\tubitak.gov.tr\tr\destekler\destek\sanayi\ulusal-destek-programlari\cagri-1812-bigg-yatirim-programi-2025-yili-2-cagrisi\index.txt
[2025-09-11 16:17:42] [DOWNLOAD] https://tubitak.gov.tr/sites/default/files/2025-08/BiGG_Yatirim_2025_Yili_2_Cagri_Duyuru_Metni.pdf -> tubitak_data\tubitak.gov.tr\tr\destekler\destek\sanayi\ulusal-destek-programlari\cagri-1812-bigg-yatirim-programi-2025-yili-2-cagrisi\BiGG_Yatirim_2025_Yili_2_Cagri_Duyuru_Metni_1.pdf
[2025-09-11 16:17:43] [VISIT] https://tubitak.gov.tr/tr/destekler/destek/sanayi/ulusal-destek-programlari/cagri-1831-yesil-inovasyon-teknoloji-mentorluk-cagrisi
[2025-09-11 16:17:45] [TEXT] https://tubitak.gov.tr/tr/destekler/destek/sanayi/ulusal-destek-programlari/cagri-1831-yesil-inovasyon-teknoloji-mentorluk-cagrisi -> tubitak_data\tubitak.gov.tr\tr\destekler\destek\sanayi\ulusal-destek-programlari\cagri-1831-yesil-inovasyon-teknoloji-mentorluk-cagrisi\index.txt
[2025-09-11 16:17:46] [DOWNLOAD] https://tubitak.gov.tr/sites/default/files/2025-05/1831_2024-1_Cagri_Duyurusu15052025_tarihli_guncelleme_0.pdf -> tubitak_data\tubitak.gov.tr\tr\destekler\destek\sanayi\ulusal-destek-programlari\cagri-1831-yesil-inovasyon-teknoloji-mentorluk-cagrisi\1831_2024-1_Cagri_Duyurusu15052025_tarihli_guncelleme_0_1.pdf
[2025-09-11 16:17:47] [VISIT] https://tubitak.gov.tr/sites/default/files/2024-05/Yesil_Donusum_Yol_Haritasi_Sablonu_1.docx
[2025-09-11 16:17:49] [ERROR] visiting https://tubitak.gov.tr/sites/default/files/2024-05/Yesil_Donusum_Yol_Haritasi_Sablonu_1.docx: Page.goto: net::ERR_ABORTED at https://tubitak.gov.tr/sites/default/files/2024-05/Yesil_Donusum_Yol_Haritasi_Sablonu_1.docx
Call log:
  - navigating to "https://tubitak.gov.tr/sites/default/files/2024-05/Yesil_Donusum_Yol_Haritasi_Sablonu_1.docx", waiting until "networkidle"

[2025-09-11 16:17:50] [VISIT] https://tubitak.gov.tr/tr/destekler/destek/sanayi/ulusal-destek-programlari/cagri-1832-sanayide-yesil-donusum-2025-2-cagrisi
[2025-09-11 16:17:56] [TEXT] https://tubitak.gov.tr/tr/destekler/destek/sanayi/ulusal-destek-programlari/cagri-1832-sanayide-yesil-donusum-2025-2-cagrisi -> tubitak_data\tubitak.gov.tr\tr\destekler\destek\sanayi\ulusal-destek-programlari\cagri-1832-sanayide-yesil-donusum-2025-2-cagrisi\index.txt
[2025-09-11 16:17:57] [DOWNLOAD] https://tubitak.gov.tr/sites/default/files/2025-08/1832_2025-2_Cagri_Duyurusu_0.pdf -> tubitak_data\tubitak.gov.tr\tr\destekler\destek\sanayi\ulusal-destek-programlari\cagri-1832-sanayide-yesil-donusum-2025-2-cagrisi\1832_2025-2_Cagri_Duyurusu_0_1.pdf
[2025-09-11 16:17:58] [VISIT] https://tubitak.gov.tr/tr/destekler/sanayi/ulusal-destek-programlari/icerik-1832-sanayide-yesil-donusum-cagrisi
[2025-09-11 16:18:01] [TEXT] https://tubitak.gov.tr/tr/destekler/sanayi/ulusal-destek-programlari/icerik-1832-sanayide-yesil-donusum-cagrisi -> tubitak_data\tubitak.gov.tr\tr\destekler\sanayi\ulusal-destek-programlari\icerik-1832-sanayide-yesil-donusum-cagrisi\index.txt
[2025-09-11 16:18:02] [VISIT] https://tubitak.gov.tr/sites/default/files/2024-06/Proje_Ekonomik_Fizibilite_Raporu_Formati.docx
[2025-09-11 16:18:03] [ERROR] visiting https://tubitak.gov.tr/sites/default/files/2024-06/Proje_Ekonomik_Fizibilite_Raporu_Formati.docx: Page.goto: net::ERR_ABORTED at https://tubitak.gov.tr/sites/default/files/2024-06/Proje_Ekonomik_Fizibilite_Raporu_Formati.docx
Call log:
  - navigating to "https://tubitak.gov.tr/sites/default/files/2024-06/Proje_Ekonomik_Fizibilite_Raporu_Formati.docx", waiting until "networkidle"

[2025-09-11 16:18:03] [DOWNLOAD] https://tubitak.gov.tr/sites/default/files/2024-03/1832-basvuru_formu.pdf -> tubitak_data\tubitak.gov.tr\tr\destekler\sanayi\ulusal-destek-programlari\icerik-1832-sanayide-yesil-donusum-cagrisi\1832-basvuru_formu_1.pdf
[2025-09-11 16:18:06] [DOWNLOAD] https://tubitak.gov.tr/sites/default/files/2024-03/db-yesil-ar-ge_ve_yenilik_konu_basliklari-v7_1.pdf -> tubitak_data\tubitak.gov.tr\tr\destekler\sanayi\ulusal-destek-programlari\icerik-1832-sanayide-yesil-donusum-cagrisi\db-yesil-ar-ge_ve_yenilik_konu_basliklari-v7_1_1.pdf
[2025-09-11 16:18:07] [DOWNLOAD] https://tubitak.gov.tr/sites/default/files/2025-04/1832_cagrisi_bilgilendirme_sunumu_07.04.2025.pdf -> tubitak_data\tubitak.gov.tr\tr\destekler\sanayi\ulusal-destek-programlari\icerik-1832-sanayide-yesil-donusum-cagrisi\1832_cagrisi_bilgilendirme_sunumu_07.04.2025_1.pdf
[2025-09-11 16:18:08] [VISIT] https://tubitak.gov.tr/sites/default/files/2024-07/Cevresel_Sosyal_RiskYonetimi_BeyanFormu.docx
[2025-09-11 16:18:09] [ERROR] visiting https://tubitak.gov.tr/sites/default/files/2024-07/Cevresel_Sosyal_RiskYonetimi_BeyanFormu.docx: Page.goto: net::ERR_ABORTED at https://tubitak.gov.tr/sites/default/files/2024-07/Cevresel_Sosyal_RiskYonetimi_BeyanFormu.docx
Call log:
  - navigating to "https://tubitak.gov.tr/sites/default/files/2024-07/Cevresel_Sosyal_RiskYonetimi_BeyanFormu.docx", waiting until "networkidle"

[2025-09-11 16:18:09] [DOWNLOAD] https://tubitak.gov.tr/sites/default/files/2024-07/CSYS_Ozet.pdf -> tubitak_data\tubitak.gov.tr\tr\destekler\sanayi\ulusal-destek-programlari\icerik-1832-sanayide-yesil-donusum-cagrisi\CSYS_Ozet_1.pdf
[2025-09-11 16:18:09] [DOWNLOAD] https://tubitak.gov.tr/sites/default/files/2024-07/TUBITAK_Cevresel_ve_Sosyal_Yonetim_Politikasi.pdf -> tubitak_data\tubitak.gov.tr\tr\destekler\sanayi\ulusal-destek-programlari\icerik-1832-sanayide-yesil-donusum-cagrisi\TUBITAK_Cevresel_ve_Sosyal_Yonetim_Politikasi_1.pdf
[2025-09-11 16:18:10] [DOWNLOAD] https://tubitak.gov.tr/sites/default/files/2024-03/1832-1833_surec_akis_diagrami-basvuru_ve_degerlendirme-12022024.pdf -> tubitak_data\tubitak.gov.tr\tr\destekler\sanayi\ulusal-destek-programlari\icerik-1832-sanayide-yesil-donusum-cagrisi\1832-1833_surec_akis_diagrami-basvuru_ve_degerlendirme-12022024_1.pdf
[2025-09-11 16:18:11] [DOWNLOAD] https://tubitak.gov.tr/sites/default/files/2025-08/1832_2025-2_Cagri_Duyurusu.pdf -> tubitak_data\tubitak.gov.tr\tr\destekler\sanayi\ulusal-destek-programlari\icerik-1832-sanayide-yesil-donusum-cagrisi\1832_2025-2_Cagri_Duyurusu_1.pdf
[2025-09-11 16:18:11] [DOWNLOAD] https://tubitak.gov.tr/sites/default/files/2024-03/sss_1832.pdf -> tubitak_data\tubitak.gov.tr\tr\destekler\sanayi\ulusal-destek-programlari\icerik-1832-sanayide-yesil-donusum-cagrisi\sss_1832_1.pdf
[2025-09-11 16:18:13] [DOWNLOAD] https://tubitak.gov.tr/sites/default/files/2024-11/1801_Uygulama_Esaslari_67YK_25.10.24_Baskanlik_OLURu-son_0_0.pdf -> tubitak_data\tubitak.gov.tr\tr\destekler\sanayi\ulusal-destek-programlari\icerik-1832-sanayide-yesil-donusum-cagrisi\1801_Uygulama_Esaslari_67YK_25.10.24_Baskanlik_OLURu-son_0_0_1.pdf
[2025-09-11 16:18:14] [DOWNLOAD] https://tubitak.gov.tr/sites/default/files/2024-03/1832-1833_surec_akis_diagrami-izleme-31102023.pdf -> tubitak_data\tubitak.gov.tr\tr\destekler\sanayi\ulusal-destek-programlari\icerik-1832-sanayide-yesil-donusum-cagrisi\1832-1833_surec_akis_diagrami-izleme-31102023_1.pdf
[2025-09-11 16:18:15] [VISIT] https://tubitak.gov.tr/tr/destekler/destek/sanayi/ulusal-destek-programlari/cagri-1833-sayem-yesil-donusum-2025-2-cagrisi
[2025-09-11 16:18:17] [TEXT] https://tubitak.gov.tr/tr/destekler/destek/sanayi/ulusal-destek-programlari/cagri-1833-sayem-yesil-donusum-2025-2-cagrisi -> tubitak_data\tubitak.gov.tr\tr\destekler\destek\sanayi\ulusal-destek-programlari\cagri-1833-sayem-yesil-donusum-2025-2-cagrisi\index.txt
[2025-09-11 16:18:19] [DOWNLOAD] https://tubitak.gov.tr/sites/default/files/2025-08/EK-2_1833_cagri_duyurusu_2025-2.pdf -> tubitak_data\tubitak.gov.tr\tr\destekler\destek\sanayi\ulusal-destek-programlari\cagri-1833-sayem-yesil-donusum-2025-2-cagrisi\EK-2_1833_cagri_duyurusu_2025-2_1.pdf
[2025-09-11 16:18:20] [VISIT] https://tubitak.gov.tr/tr/destekler/sanayi/ulusal-destek-programlari/1833-sayem-yesil-donusum-cagrisi
[2025-09-11 16:18:23] [TEXT] https://tubitak.gov.tr/tr/destekler/sanayi/ulusal-destek-programlari/1833-sayem-yesil-donusum-cagrisi -> tubitak_data\tubitak.gov.tr\tr\destekler\sanayi\ulusal-destek-programlari\1833-sayem-yesil-donusum-cagrisi\index.txt
[2025-09-11 16:18:24] [DOWNLOAD] https://tubitak.gov.tr/sites/default/files/2025-08/1833_SAYEM_SUNUMU-WEB-7.8.25.pdf -> tubitak_data\tubitak.gov.tr\tr\destekler\sanayi\ulusal-destek-programlari\1833-sayem-yesil-donusum-cagrisi\1833_SAYEM_SUNUMU-WEB-7.8.25_1.pdf
[2025-09-11 16:18:24] [DOWNLOAD] https://tubitak.gov.tr/sites/default/files/2024-07/CSYS_Ozet.pdf -> tubitak_data\tubitak.gov.tr\tr\destekler\sanayi\ulusal-destek-programlari\1833-sayem-yesil-donusum-cagrisi\CSYS_Ozet_1.pdf
[2025-09-11 16:18:25] [DOWNLOAD] https://tubitak.gov.tr/sites/default/files/2025-08/EK-2_1833_cagri_duyurusu_2025-2_0.pdf -> tubitak_data\tubitak.gov.tr\tr\destekler\sanayi\ulusal-destek-programlari\1833-sayem-yesil-donusum-cagrisi\EK-2_1833_cagri_duyurusu_2025-2_0_1.pdf
[2025-09-11 16:18:26] [DOWNLOAD] https://tubitak.gov.tr/sites/default/files/2024-03/1833-up_detay_dokumani-yesil_donusum_cagrisi_01.09.2023.pdf -> tubitak_data\tubitak.gov.tr\tr\destekler\sanayi\ulusal-destek-programlari\1833-sayem-yesil-donusum-cagrisi\1833-up_detay_dokumani-yesil_donusum_cagrisi_01.09.2023_1.pdf
[2025-09-11 16:18:27] [DOWNLOAD] https://tubitak.gov.tr/sites/default/files/2024-03/1833_upg_yol_haritasi_yonetimi_projesi_formu_01.09.2023.pdf -> tubitak_data\tubitak.gov.tr\tr\destekler\sanayi\ulusal-destek-programlari\1833-sayem-yesil-donusum-cagrisi\1833_upg_yol_haritasi_yonetimi_projesi_formu_01.09.2023_1.pdf
[2025-09-11 16:18:27] [DOWNLOAD] https://tubitak.gov.tr/sites/default/files/2024-07/TUBITAK_Cevresel_ve_Sosyal_Yonetim_Politikasi.pdf -> tubitak_data\tubitak.gov.tr\tr\destekler\sanayi\ulusal-destek-programlari\1833-sayem-yesil-donusum-cagrisi\TUBITAK_Cevresel_ve_Sosyal_Yonetim_Politikasi_1.pdf
[2025-09-11 16:18:32] [DOWNLOAD] https://tubitak.gov.tr/sites/default/files/2024-03/db-yesil-ar-ge_ve_yenilik_konu_basliklari-v7.pdf -> tubitak_data\tubitak.gov.tr\tr\destekler\sanayi\ulusal-destek-programlari\1833-sayem-yesil-donusum-cagrisi\db-yesil-ar-ge_ve_yenilik_konu_basliklari-v7_1.pdf
[2025-09-11 16:18:32] [DOWNLOAD] https://tubitak.gov.tr/sites/default/files/2024-03/1833_yonetisim_hakem_raporu_formati_01.09.2023.pdf -> tubitak_data\tubitak.gov.tr\tr\destekler\sanayi\ulusal-destek-programlari\1833-sayem-yesil-donusum-cagrisi\1833_yonetisim_hakem_raporu_formati_01.09.2023_1.pdf
[2025-09-11 16:18:33] [VISIT] https://tubitak.gov.tr/sites/default/files/2024-08/SAYEM_Isbirligi_Sozlesmesi_Formati.doc
[2025-09-11 16:18:34] [ERROR] visiting https://tubitak.gov.tr/sites/default/files/2024-08/SAYEM_Isbirligi_Sozlesmesi_Formati.doc: Page.goto: net::ERR_ABORTED at https://tubitak.gov.tr/sites/default/files/2024-08/SAYEM_Isbirligi_Sozlesmesi_Formati.doc
Call log:
  - navigating to "https://tubitak.gov.tr/sites/default/files/2024-08/SAYEM_Isbirligi_Sozlesmesi_Formati.doc", waiting until "networkidle"

[2025-09-11 16:18:35] [DOWNLOAD] https://tubitak.gov.tr/sites/default/files/2024-03/1833_teknik_hakem_degerlendirme_raporu_01.09.2023.pdf -> tubitak_data\tubitak.gov.tr\tr\destekler\sanayi\ulusal-destek-programlari\1833-sayem-yesil-donusum-cagrisi\1833_teknik_hakem_degerlendirme_raporu_01.09.2023_1.pdf
[2025-09-11 16:18:36] [DOWNLOAD] https://tubitak.gov.tr/sites/default/files/2024-11/1801_Uygulama_Esaslari_67YK_25.10.24_Baskanlik_OLURu-son_0_0.pdf -> tubitak_data\tubitak.gov.tr\tr\destekler\sanayi\ulusal-destek-programlari\1833-sayem-yesil-donusum-cagrisi\1801_Uygulama_Esaslari_67YK_25.10.24_Baskanlik_OLURu-son_0_0_1.pdf
[2025-09-11 16:18:37] [DOWNLOAD] https://tubitak.gov.tr/sites/default/files/2024-03/ssss_1833_sayem.pdf -> tubitak_data\tubitak.gov.tr\tr\destekler\sanayi\ulusal-destek-programlari\1833-sayem-yesil-donusum-cagrisi\ssss_1833_sayem_1.pdf
[2025-09-11 16:18:37] Tarama tamamlandı.
