[2025-09-11 16:03:17] [VISIT] https://tubitak.gov.tr/tr/destekler/destek/sanayi/ulusal-destek-programlari/cagri-1501-sanayi-ar-ge-destek-programi-2025-yili-2-cagrisi-acildi
[2025-09-11 16:03:20] [TEXT] https://tubitak.gov.tr/tr/destekler/destek/sanayi/ulusal-destek-programlari/cagri-1501-sanayi-ar-ge-destek-programi-2025-yili-2-cagrisi-acildi -> tubitak_data\tubitak.gov.tr\tr\destekler\destek\sanayi\ulusal-destek-programlari\cagri-1501-sanayi-ar-ge-destek-programi-2025-yili-2-cagrisi-acildi\index.txt
[2025-09-11 16:03:20] [DOWNLOAD] https://tubitak.gov.tr/sites/default/files/2025-07/1501_Sanayi_Ar-Ge_Destek_Programi_2025-2_Proje_Cagri_Metni_0.pdf -> tubitak_data\tubitak.gov.tr\tr\destekler\destek\sanayi\ulusal-destek-programlari\cagri-1501-sanayi-ar-ge-destek-programi-2025-yili-2-cagrisi-acildi\1501_Sanayi_Ar-Ge_Destek_Programi_2025-2_Proje_Cagri_Metni_0.pdf
[2025-09-11 16:03:21] [VISIT] https://tubitak.gov.tr/tr/destekler/destek/sanayi/ulusal-destek-programlari/cagri-1507-kobi-ar-ge-baslangic-destek-programi-2025-yili-2-cagrisi-acildi
[2025-09-11 16:03:24] [TEXT] https://tubitak.gov.tr/tr/destekler/destek/sanayi/ulusal-destek-programlari/cagri-1507-kobi-ar-ge-baslangic-destek-programi-2025-yili-2-cagrisi-acildi -> tubitak_data\tubitak.gov.tr\tr\destekler\destek\sanayi\ulusal-destek-programlari\cagri-1507-kobi-ar-ge-baslangic-destek-programi-2025-yili-2-cagrisi-acildi\index.txt
[2025-09-11 16:03:25] [DOWNLOAD] https://tubitak.gov.tr/sites/default/files/2025-07/1507_KOBI_Ar-Ge_Baslangic_Destek_Programlari_2025-2_Proje_Cagri_Metni_0.pdf -> tubitak_data\tubitak.gov.tr\tr\destekler\destek\sanayi\ulusal-destek-programlari\cagri-1507-kobi-ar-ge-baslangic-destek-programi-2025-yili-2-cagrisi-acildi\1507_KOBI_Ar-Ge_Baslangic_Destek_Programlari_2025-2_Proje_Cagri_Metni_0.pdf
[2025-09-11 16:03:26] [VISIT] https://eteydeb.tubitak.gov.tr
[2025-09-11 16:03:29] [TEXT] https://eteydeb.tubitak.gov.tr -> tubitak_data\eteydeb.tubitak.gov.tr\root\index.txt
[2025-09-11 16:03:30] [VISIT] https://tubitak.gov.tr/tr/destekler/destek/sanayi/ulusal-destek-programlari/cagri-1707-siparis-ar-ge-2025-yili-ucuncu-donem-cagrilari-acildi
[2025-09-11 16:03:32] [TEXT] https://tubitak.gov.tr/tr/destekler/destek/sanayi/ulusal-destek-programlari/cagri-1707-siparis-ar-ge-2025-yili-ucuncu-donem-cagrilari-acildi -> tubitak_data\tubitak.gov.tr\tr\destekler\destek\sanayi\ulusal-destek-programlari\cagri-1707-siparis-ar-ge-2025-yili-ucuncu-donem-cagrilari-acildi\index.txt
[2025-09-11 16:03:36] [DOWNLOAD] https://www.tubitak.gov.tr/sites/default/files/21566/db-yesil-ar-ge_ve_yenilik_konu_basliklari-v7.pdf -> tubitak_data\tubitak.gov.tr\tr\destekler\destek\sanayi\ulusal-destek-programlari\cagri-1707-siparis-ar-ge-2025-yili-ucuncu-donem-cagrilari-acildi\db-yesil-ar-ge_ve_yenilik_konu_basliklari-v7.pdf
[2025-09-11 16:03:37] [DOWNLOAD] https://tubitak.gov.tr/sites/default/files/2025-09/BIGG_ortakli_Siparis_Ar-Ge_2025-3_Cagri_Dokumani.pdf -> tubitak_data\tubitak.gov.tr\tr\destekler\destek\sanayi\ulusal-destek-programlari\cagri-1707-siparis-ar-ge-2025-yili-ucuncu-donem-cagrilari-acildi\BIGG_ortakli_Siparis_Ar-Ge_2025-3_Cagri_Dokumani.pdf
[2025-09-11 16:03:38] [DOWNLOAD] https://tubitak.gov.tr/sites/default/files/2025-09/Siparis_Ar-Ge_2025-3_Cagri_Dokumani.pdf -> tubitak_data\tubitak.gov.tr\tr\destekler\destek\sanayi\ulusal-destek-programlari\cagri-1707-siparis-ar-ge-2025-yili-ucuncu-donem-cagrilari-acildi\Siparis_Ar-Ge_2025-3_Cagri_Dokumani.pdf
[2025-09-11 16:03:39] [VISIT] https://tubitak.gov.tr/tr/destekler/destek/sanayi/ulusal-destek-programlari/cagri-1812-bigg-yatirim-programi-2025-yili-2-cagrisi
[2025-09-11 16:03:41] [TEXT] https://tubitak.gov.tr/tr/destekler/destek/sanayi/ulusal-destek-programlari/cagri-1812-bigg-yatirim-programi-2025-yili-2-cagrisi -> tubitak_data\tubitak.gov.tr\tr\destekler\destek\sanayi\ulusal-destek-programlari\cagri-1812-bigg-yatirim-programi-2025-yili-2-cagrisi\index.txt
[2025-09-11 16:03:42] [DOWNLOAD] https://tubitak.gov.tr/sites/default/files/2025-08/BiGG_Yatirim_2025_Yili_2_Cagri_Duyuru_Metni.pdf -> tubitak_data\tubitak.gov.tr\tr\destekler\destek\sanayi\ulusal-destek-programlari\cagri-1812-bigg-yatirim-programi-2025-yili-2-cagrisi\BiGG_Yatirim_2025_Yili_2_Cagri_Duyuru_Metni.pdf
[2025-09-11 16:03:43] [VISIT] https://tubitak.gov.tr/tr/destekler/destek/sanayi/ulusal-destek-programlari/cagri-1831-yesil-inovasyon-teknoloji-mentorluk-cagrisi
[2025-09-11 16:03:46] [TEXT] https://tubitak.gov.tr/tr/destekler/destek/sanayi/ulusal-destek-programlari/cagri-1831-yesil-inovasyon-teknoloji-mentorluk-cagrisi -> tubitak_data\tubitak.gov.tr\tr\destekler\destek\sanayi\ulusal-destek-programlari\cagri-1831-yesil-inovasyon-teknoloji-mentorluk-cagrisi\index.txt
[2025-09-11 16:03:46] [DOWNLOAD] https://tubitak.gov.tr/sites/default/files/2024-05/Yesil_Donusum_Yol_Haritasi_Sablonu_1.docx -> tubitak_data\tubitak.gov.tr\tr\destekler\destek\sanayi\ulusal-destek-programlari\cagri-1831-yesil-inovasyon-teknoloji-mentorluk-cagrisi\Yesil_Donusum_Yol_Haritasi_Sablonu_1.docx
[2025-09-11 16:03:47] [DOWNLOAD] https://tubitak.gov.tr/sites/default/files/2025-05/1831_2024-1_Cagri_Duyurusu15052025_tarihli_guncelleme_0.pdf -> tubitak_data\tubitak.gov.tr\tr\destekler\destek\sanayi\ulusal-destek-programlari\cagri-1831-yesil-inovasyon-teknoloji-mentorluk-cagrisi\1831_2024-1_Cagri_Duyurusu15052025_tarihli_guncelleme_0.pdf
[2025-09-11 16:03:48] [VISIT] https://tubitak.gov.tr/tr/destekler/destek/sanayi/ulusal-destek-programlari/cagri-1832-sanayide-yesil-donusum-2025-2-cagrisi
[2025-09-11 16:03:51] [TEXT] https://tubitak.gov.tr/tr/destekler/destek/sanayi/ulusal-destek-programlari/cagri-1832-sanayide-yesil-donusum-2025-2-cagrisi -> tubitak_data\tubitak.gov.tr\tr\destekler\destek\sanayi\ulusal-destek-programlari\cagri-1832-sanayide-yesil-donusum-2025-2-cagrisi\index.txt
[2025-09-11 16:03:52] [VISIT] https://eteydeb.tubitak.gov.tr/teydebanasayfa.htm
[2025-09-11 16:03:55] [TEXT] https://eteydeb.tubitak.gov.tr/teydebanasayfa.htm -> tubitak_data\eteydeb.tubitak.gov.tr\teydebanasayfa.htm\index.txt
[2025-09-11 16:03:55] [DOWNLOAD] https://tubitak.gov.tr/sites/default/files/2025-08/1832_2025-2_Cagri_Duyurusu_0.pdf -> tubitak_data\tubitak.gov.tr\tr\destekler\destek\sanayi\ulusal-destek-programlari\cagri-1832-sanayide-yesil-donusum-2025-2-cagrisi\1832_2025-2_Cagri_Duyurusu_0.pdf
[2025-09-11 16:03:57] [VISIT] https://tubitak.gov.tr/tr/destekler/sanayi/ulusal-destek-programlari/icerik-1832-sanayide-yesil-donusum-cagrisi
[2025-09-11 16:03:59] [TEXT] https://tubitak.gov.tr/tr/destekler/sanayi/ulusal-destek-programlari/icerik-1832-sanayide-yesil-donusum-cagrisi -> tubitak_data\tubitak.gov.tr\tr\destekler\sanayi\ulusal-destek-programlari\icerik-1832-sanayide-yesil-donusum-cagrisi\index.txt
[2025-09-11 16:04:00] [DOWNLOAD] https://tubitak.gov.tr/sites/default/files/2024-06/Proje_Ekonomik_Fizibilite_Raporu_Formati.docx -> tubitak_data\tubitak.gov.tr\tr\destekler\sanayi\ulusal-destek-programlari\icerik-1832-sanayide-yesil-donusum-cagrisi\Proje_Ekonomik_Fizibilite_Raporu_Formati.docx
[2025-09-11 16:04:01] [VISIT] https://www.ifc.org/en/insights-reports/2000/general-environmental-health-and-safety-guidelines
[2025-09-11 16:04:08] [TEXT] https://www.ifc.org/en/insights-reports/2000/general-environmental-health-and-safety-guidelines -> tubitak_data\www.ifc.org\en\insights-reports\2000\general-environmental-health-and-safety-guidelines\index.txt
[2025-09-11 16:04:09] [VISIT] https://www.worldbank.org/en/projects-operations/environmental-and-social-framework
[2025-09-11 16:04:11] [ERROR] visiting https://www.worldbank.org/en/projects-operations/environmental-and-social-framework: Page.goto: Target page, context or browser has been closed
Call log:
  - navigating to "https://www.worldbank.org/en/projects-operations/environmental-and-social-framework", waiting until "networkidle"

[2025-09-11 16:04:13] [DOWNLOAD] https://tubitak.gov.tr/sites/default/files/2025-04/1832_cagrisi_bilgilendirme_sunumu_07.04.2025.pdf -> tubitak_data\tubitak.gov.tr\tr\destekler\sanayi\ulusal-destek-programlari\icerik-1832-sanayide-yesil-donusum-cagrisi\1832_cagrisi_bilgilendirme_sunumu_07.04.2025.pdf
[2025-09-11 16:04:14] [DOWNLOAD] https://tubitak.gov.tr/sites/default/files/2024-03/1832-1833_surec_akis_diagrami-basvuru_ve_degerlendirme-12022024.pdf -> tubitak_data\tubitak.gov.tr\tr\destekler\sanayi\ulusal-destek-programlari\icerik-1832-sanayide-yesil-donusum-cagrisi\1832-1833_surec_akis_diagrami-basvuru_ve_degerlendirme-12022024.pdf
[2025-09-11 16:04:16] [DOWNLOAD] https://tubitak.gov.tr/sites/default/files/2024-11/1801_Uygulama_Esaslari_67YK_25.10.24_Baskanlik_OLURu-son_0_0.pdf -> tubitak_data\tubitak.gov.tr\tr\destekler\sanayi\ulusal-destek-programlari\icerik-1832-sanayide-yesil-donusum-cagrisi\1801_Uygulama_Esaslari_67YK_25.10.24_Baskanlik_OLURu-son_0_0.pdf
[2025-09-11 16:04:16] [DOWNLOAD] https://tubitak.gov.tr/sites/default/files/2024-07/TUBITAK_Cevresel_ve_Sosyal_Yonetim_Politikasi.pdf -> tubitak_data\tubitak.gov.tr\tr\destekler\sanayi\ulusal-destek-programlari\icerik-1832-sanayide-yesil-donusum-cagrisi\TUBITAK_Cevresel_ve_Sosyal_Yonetim_Politikasi.pdf
[2025-09-11 16:04:17] [DOWNLOAD] https://tubitak.gov.tr/sites/default/files/2024-03/1832-1833_surec_akis_diagrami-izleme-31102023.pdf -> tubitak_data\tubitak.gov.tr\tr\destekler\sanayi\ulusal-destek-programlari\icerik-1832-sanayide-yesil-donusum-cagrisi\1832-1833_surec_akis_diagrami-izleme-31102023.pdf
[2025-09-11 16:04:18] [VISIT] http://eteydeb.tubitak.gov.tr/
[2025-09-11 16:04:21] [TEXT] http://eteydeb.tubitak.gov.tr/ -> tubitak_data\eteydeb.tubitak.gov.tr\root\index.txt
[2025-09-11 16:04:22] [DOWNLOAD] https://tubitak.gov.tr/sites/default/files/2024-03/1832-basvuru_formu.pdf -> tubitak_data\tubitak.gov.tr\tr\destekler\sanayi\ulusal-destek-programlari\icerik-1832-sanayide-yesil-donusum-cagrisi\1832-basvuru_formu.pdf
[2025-09-11 16:04:22] [DOWNLOAD] https://tubitak.gov.tr/sites/default/files/2025-08/1832_2025-2_Cagri_Duyurusu.pdf -> tubitak_data\tubitak.gov.tr\tr\destekler\sanayi\ulusal-destek-programlari\icerik-1832-sanayide-yesil-donusum-cagrisi\1832_2025-2_Cagri_Duyurusu.pdf
[2025-09-11 16:04:25] [DOWNLOAD] https://tubitak.gov.tr/sites/default/files/2024-03/db-yesil-ar-ge_ve_yenilik_konu_basliklari-v7_1.pdf -> tubitak_data\tubitak.gov.tr\tr\destekler\sanayi\ulusal-destek-programlari\icerik-1832-sanayide-yesil-donusum-cagrisi\db-yesil-ar-ge_ve_yenilik_konu_basliklari-v7_1.pdf
[2025-09-11 16:04:26] [DOWNLOAD] https://tubitak.gov.tr/sites/default/files/2024-07/CSYS_Ozet.pdf -> tubitak_data\tubitak.gov.tr\tr\destekler\sanayi\ulusal-destek-programlari\icerik-1832-sanayide-yesil-donusum-cagrisi\CSYS_Ozet.pdf
[2025-09-11 16:04:27] [VISIT] https://tubitak.gov.tr/tr/destekler/mali-hususlar-ve-odeme
[2025-09-11 16:04:30] [TEXT] https://tubitak.gov.tr/tr/destekler/mali-hususlar-ve-odeme -> tubitak_data\tubitak.gov.tr\tr\destekler\mali-hususlar-ve-odeme\index.txt
[2025-09-11 16:04:30] [DOWNLOAD] https://tubitak.gov.tr/sites/default/files/2023-09/sgk_yapilandirma_belgesi_borcu_yok.pdf -> tubitak_data\tubitak.gov.tr\tr\destekler\mali-hususlar-ve-odeme\sgk_yapilandirma_belgesi_borcu_yok.pdf
[2025-09-11 16:04:32] [DOWNLOAD] https://tubitak.gov.tr/sites/default/files/2025-01/gider_formlari_1709_kamuvakif_guncelleme_01012025_0.xlsx -> tubitak_data\tubitak.gov.tr\tr\destekler\mali-hususlar-ve-odeme\gider_formlari_1709_kamuvakif_guncelleme_01012025_0.xlsx
[2025-09-11 16:04:33] [DOWNLOAD] https://tubitak.gov.tr/sites/default/files/2023-09/mm_rapor_formati_1505.docx -> tubitak_data\tubitak.gov.tr\tr\destekler\mali-hususlar-ve-odeme\mm_rapor_formati_1505.docx
[2025-09-11 16:04:34] [DOWNLOAD] https://tubitak.gov.tr/sites/default/files/2025-01/gider_formlari_1515_guncelleme_01012025.xlsx -> tubitak_data\tubitak.gov.tr\tr\destekler\mali-hususlar-ve-odeme\gider_formlari_1515_guncelleme_01012025.xlsx
[2025-09-11 16:04:34] [DOWNLOAD] https://tubitak.gov.tr/sites/default/files/2024-03/3-senet_v1-4.xlsx -> tubitak_data\tubitak.gov.tr\tr\destekler\mali-hususlar-ve-odeme\3-senet_v1-4.xlsx
[2025-09-11 16:04:35] [DOWNLOAD] https://tubitak.gov.tr/sites/default/files/2023-09/fikir_sahibi_arastirmaci_bildirim_formu.docx -> tubitak_data\tubitak.gov.tr\tr\destekler\mali-hususlar-ve-odeme\fikir_sahibi_arastirmaci_bildirim_formu.docx
[2025-09-11 16:04:35] [DOWNLOAD] https://tubitak.gov.tr/sites/default/files/2023-09/iban_degisikligi.docx -> tubitak_data\tubitak.gov.tr\tr\destekler\mali-hususlar-ve-odeme\iban_degisikligi.docx
[2025-09-11 16:04:36] [DOWNLOAD] https://tubitak.gov.tr/sites/default/files/2023-09/teminat_mektubu_iade_dilekce_ornegi_kargo.docx -> tubitak_data\tubitak.gov.tr\tr\destekler\mali-hususlar-ve-odeme\teminat_mektubu_iade_dilekce_ornegi_kargo.docx
[2025-09-11 16:04:36] [DOWNLOAD] https://tubitak.gov.tr/sites/default/files/2025-05/1833_denetim_raporu_vakif.docx -> tubitak_data\tubitak.gov.tr\tr\destekler\mali-hususlar-ve-odeme\1833_denetim_raporu_vakif.docx
[2025-09-11 16:04:37] [DOWNLOAD] https://tubitak.gov.tr/sites/default/files/2023-09/hakem_izleyici_ek_odeme_formu.docx -> tubitak_data\tubitak.gov.tr\tr\destekler\mali-hususlar-ve-odeme\hakem_izleyici_ek_odeme_formu.docx
[2025-09-11 16:04:38] [DOWNLOAD] https://tubitak.gov.tr/sites/default/files/2025-01/gider_formlari_1711_musteri_sermayesirketleri_guncelleme_01012025.xlsx -> tubitak_data\tubitak.gov.tr\tr\destekler\mali-hususlar-ve-odeme\gider_formlari_1711_musteri_sermayesirketleri_guncelleme_01012025.xlsx
[2025-09-11 16:04:39] [DOWNLOAD] https://tubitak.gov.tr/sites/default/files/2025-01/gider_formlari_1514_guncelleme_01012025.xlsx -> tubitak_data\tubitak.gov.tr\tr\destekler\mali-hususlar-ve-odeme\gider_formlari_1514_guncelleme_01012025.xlsx
[2025-09-11 16:04:39] [DOWNLOAD] https://tubitak.gov.tr/sites/default/files/2024-03/teminat_ve_on_odeme_hesabi_ornek.xls -> tubitak_data\tubitak.gov.tr\tr\destekler\mali-hususlar-ve-odeme\teminat_ve_on_odeme_hesabi_ornek.xls
[2025-09-11 16:04:41] [DOWNLOAD] https://tubitak.gov.tr/sites/default/files/2024-05/KUCUK_VE_ORTA_BUYUKLUKTEKI_ISLETMELER_YONETMELIGI.pdf -> tubitak_data\tubitak.gov.tr\tr\destekler\mali-hususlar-ve-odeme\KUCUK_VE_ORTA_BUYUKLUKTEKI_ISLETMELER_YONETMELIGI.pdf
[2025-09-11 16:04:41] [DOWNLOAD] https://tubitak.gov.tr/sites/default/files/2024-05/1711_mali_musavir_raporu_vakif_universitesi.docx -> tubitak_data\tubitak.gov.tr\tr\destekler\mali-hususlar-ve-odeme\1711_mali_musavir_raporu_vakif_universitesi.docx
[2025-09-11 16:04:42] [DOWNLOAD] https://tubitak.gov.tr/sites/default/files/2025-01/gider_formlari_1613_guncelleme_01012025.xlsx -> tubitak_data\tubitak.gov.tr\tr\destekler\mali-hususlar-ve-odeme\gider_formlari_1613_guncelleme_01012025.xlsx
[2025-09-11 16:04:44] [DOWNLOAD] https://tubitak.gov.tr/sites/default/files/2025-01/gider_formlari_sayem_kamuvakif_guncelleme_01012025.xlsx -> tubitak_data\tubitak.gov.tr\tr\destekler\mali-hususlar-ve-odeme\gider_formlari_sayem_kamuvakif_guncelleme_01012025.xlsx
[2025-09-11 16:04:44] [DOWNLOAD] https://tubitak.gov.tr/sites/default/files/2023-09/mm_rapor_formati_1601_sermaye_sirketi_0.docx -> tubitak_data\tubitak.gov.tr\tr\destekler\mali-hususlar-ve-odeme\mm_rapor_formati_1601_sermaye_sirketi_0.docx
[2025-09-11 16:04:45] [DOWNLOAD] https://tubitak.gov.tr/sites/default/files/2023-09/vergi_borcu_yoktur_belgesi.pdf -> tubitak_data\tubitak.gov.tr\tr\destekler\mali-hususlar-ve-odeme\vergi_borcu_yoktur_belgesi.pdf
[2025-09-11 16:04:46] [DOWNLOAD] https://tubitak.gov.tr/sites/default/files/2024-11/Geri_odemeli_destek_odemesi_teminat_mektubu_ornegi_sureli_1832_1833.doc -> tubitak_data\tubitak.gov.tr\tr\destekler\mali-hususlar-ve-odeme\Geri_odemeli_destek_odemesi_teminat_mektubu_ornegi_sureli_1832_1833.doc
[2025-09-11 16:04:47] [DOWNLOAD] https://tubitak.gov.tr/sites/default/files/2025-02/gider_formlari_1601_mentor_arayuzu_bigg_cagrisi_guncelleme_29012025.xlsx -> tubitak_data\tubitak.gov.tr\tr\destekler\mali-hususlar-ve-odeme\gider_formlari_1601_mentor_arayuzu_bigg_cagrisi_guncelleme_29012025.xlsx
[2025-09-11 16:04:48] [DOWNLOAD] https://tubitak.gov.tr/sites/default/files/2024-05/1709_mali_musavir_raporu_vakif_universitesi.docx -> tubitak_data\tubitak.gov.tr\tr\destekler\mali-hususlar-ve-odeme\1709_mali_musavir_raporu_vakif_universitesi.docx
[2025-09-11 16:04:48] [DOWNLOAD] https://tubitak.gov.tr/sites/default/files/2023-09/sgk_isyeri_tescil_kaydi_yok_belgesi.pdf -> tubitak_data\tubitak.gov.tr\tr\destekler\mali-hususlar-ve-odeme\sgk_isyeri_tescil_kaydi_yok_belgesi.pdf
[2025-09-11 16:04:49] [DOWNLOAD] https://tubitak.gov.tr/sites/default/files/2025-01/gider_formlari_1601_katip_celebi_newton_cagrisi_guncelleme_01012025_0.xlsx -> tubitak_data\tubitak.gov.tr\tr\destekler\mali-hususlar-ve-odeme\gider_formlari_1601_katip_celebi_newton_cagrisi_guncelleme_01012025_0.xlsx
[2025-09-11 16:04:49] [DOWNLOAD] https://tubitak.gov.tr/sites/default/files/2023-09/temlikname_bilgi_notu_0.doc -> tubitak_data\tubitak.gov.tr\tr\destekler\mali-hususlar-ve-odeme\temlikname_bilgi_notu_0.doc
